sysctl: write error: Bad file descriptor
sysctl: write error: Bad file descriptor
sysctl: write error: Bad file descriptor
AuthMode    Wired Authentication
Adapter     enp1s0
UserName    13015715948
2018-06-21 11:04:35 Stoping system service(network-manager)
QStandardPaths: XDG_RUNTIME_DIR not set, defaulting to '/tmp/runtime-root'
2018-06-21 11:04:36 Failed to stop system service(network-manager)
2018-06-21 11:04:36 Enabling adapters
2018-06-21 11:04:36 Initializing.....
2018-06-21 11:04:36 Lookup the switch...
2018-06-21 11:04:37 Connecting radius server...
2018-06-21 11:04:37 Authenticating now...
2018-06-21 11:04:37 Geting IP Address...
2018-06-21 11:04:40 Lookup the switch...
2018-06-21 11:04:40 Connecting radius server...
2018-06-21 11:04:40 Authenticating now...
2018-06-21 11:04:40 Success
2018-06-21 11:04:40 Management Tips:
                    
                    福州大学官方论坛：  bbs.fzu.edu.cn 福州大学校园网报修电话:38
                    201299,38201295,网上报修http://59.77.132.125
2018-06-22 10:39:41 Adapter linked down, Please check it.
2018-06-22 12:25:08 Connecting radius server...
2018-06-22 12:25:08 Authenticating now...
2018-06-22 12:25:08 Success
2018-06-22 12:26:09 Lookup the switch...
2018-06-22 12:26:09 Connecting radius server...
2018-06-22 12:26:09 Authenticating now...
2018-06-22 12:26:13 Geting IP Address...
2018-06-22 12:26:20 Lookup the switch...
2018-06-22 12:26:20 Connecting radius server...
2018-06-22 12:26:20 Authenticating now...
2018-06-22 12:26:20 Success
2018-06-22 12:26:20 Management Tips:
                    
                    福州大学官方论坛：  bbs.fzu.edu.cn 福州大学校园网报修电话:38
                    201299,38201295,网上报修http://59.77.132.125
2018-06-22 12:27:09 Client Prompt:
                    Can not communicate with the server
                    
